# JRE version: OpenJDK Runtime Environment (11.0.8+10) (build 11.0.8+10-b944.6842174)
# Java VM: OpenJDK 64-Bit Server VM (11.0.8+10-b944.6842174, mixed mode, tiered, compressed oops, g1 gc, windows-amd64)
Heap:
 garbage-first heap   total 208896K, used 141295K [0x00000000e0000000, 0x0000000100000000)
  region size 1024K, 2 young (2048K), 1 survivors (1024K)
 Metaspace       used 56763K, capacity 60134K, committed 60368K, reserved 1101824K
  class space    used 5938K, capacity 7506K, committed 7552K, reserved 1048576K
GC Heap History (20 events):
Event: 9.202 GC heap before
{Heap before GC invocations=21 (full 0):
 garbage-first heap   total 162816K, used 131623K [0x00000000e0000000, 0x0000000100000000)
  region size 1024K, 56 young (57344K), 5 survivors (5120K)
 Metaspace       used 47281K, capacity 50002K, committed 50128K, reserved 1093632K
  class space    used 4958K, capacity 6260K, committed 6272K, reserved 1048576K
}
Event: 9.209 GC heap after
{Heap after GC invocations=22 (full 0):
 garbage-first heap   total 162816K, used 80998K [0x00000000e0000000, 0x0000000100000000)
  region size 1024K, 5 young (5120K), 5 survivors (5120K)
 Metaspace       used 47281K, capacity 50002K, committed 50128K, reserved 1093632K
  class space    used 4958K, capacity 6260K, committed 6272K, reserved 1048576K
}
Event: 9.564 GC heap before
{Heap before GC invocations=22 (full 0):
 garbage-first heap   total 162816K, used 107622K [0x00000000e0000000, 0x0000000100000000)
  region size 1024K, 32 young (32768K), 5 survivors (5120K)
 Metaspace       used 48776K, capacity 51641K, committed 51792K, reserved 1095680K
  class space    used 5205K, capacity 6623K, committed 6656K, reserved 1048576K
}
Event: 9.570 GC heap after
{Heap after GC invocations=23 (full 0):
 garbage-first heap   total 162816K, used 82035K [0x00000000e0000000, 0x0000000100000000)
  region size 1024K, 5 young (5120K), 5 survivors (5120K)
 Metaspace       used 48776K, capacity 51641K, committed 51792K, reserved 1095680K
  class space    used 5205K, capacity 6623K, committed 6656K, reserved 1048576K
}
Event: 9.687 GC heap before
{Heap before GC invocations=24 (full 0):
 garbage-first heap   total 162816K, used 112755K [0x00000000e0000000, 0x0000000100000000)
  region size 1024K, 9 young (9216K), 5 survivors (5120K)
 Metaspace       used 49161K, capacity 52263K, committed 52560K, reserved 1095680K
  class space    used 5310K, capacity 6818K, committed 6912K, reserved 1048576K
}
Event: 9.695 GC heap after
{Heap after GC invocations=25 (full 0):
 garbage-first heap   total 162816K, used 110156K [0x00000000e0000000, 0x0000000100000000)
  region size 1024K, 5 young (5120K), 5 survivors (5120K)
 Metaspace       used 49161K, capacity 52263K, committed 52560K, reserved 1095680K
  class space    used 5310K, capacity 6818K, committed 6912K, reserved 1048576K
}
Event: 9.937 GC heap before
{Heap before GC invocations=26 (full 0):
 garbage-first heap   total 162816K, used 126540K [0x00000000e0000000, 0x0000000100000000)
  region size 1024K, 30 young (30720K), 5 survivors (5120K)
 Metaspace       used 50255K, capacity 53369K, committed 53456K, reserved 1095680K
  class space    used 5434K, capacity 6986K, committed 7040K, reserved 1048576K
}
Event: 9.943 GC heap after
{Heap after GC invocations=27 (full 0):
 garbage-first heap   total 162816K, used 101511K [0x00000000e0000000, 0x0000000100000000)
  region size 1024K, 3 young (3072K), 3 survivors (3072K)
 Metaspace       used 50255K, capacity 53369K, committed 53456K, reserved 1095680K
  class space    used 5434K, capacity 6986K, committed 7040K, reserved 1048576K
}
Event: 10.086 GC heap before
{Heap before GC invocations=27 (full 0):
 garbage-first heap   total 162816K, used 133255K [0x00000000e0000000, 0x0000000100000000)
  region size 1024K, 35 young (35840K), 3 survivors (3072K)
 Metaspace       used 50647K, capacity 53753K, committed 53968K, reserved 1095680K
  class space    used 5451K, capacity 6986K, committed 7040K, reserved 1048576K
}
Event: 10.093 GC heap after
{Heap after GC invocations=28 (full 0):
 garbage-first heap   total 162816K, used 106463K [0x00000000e0000000, 0x0000000100000000)
  region size 1024K, 5 young (5120K), 5 survivors (5120K)
 Metaspace       used 50647K, capacity 53753K, committed 53968K, reserved 1095680K
  class space    used 5451K, capacity 6986K, committed 7040K, reserved 1048576K
}
Event: 10.287 GC heap before
{Heap before GC invocations=29 (full 0):
 garbage-first heap   total 162816K, used 116703K [0x00000000e0000000, 0x0000000100000000)
  region size 1024K, 33 young (33792K), 5 survivors (5120K)
 Metaspace       used 51857K, capacity 55001K, committed 55120K, reserved 1097728K
  class space    used 5532K, capacity 7087K, committed 7168K, reserved 1048576K
}
Event: 10.293 GC heap after
{Heap after GC invocations=30 (full 0):
 garbage-first heap   total 162816K, used 87526K [0x00000000e0000000, 0x0000000100000000)
  region size 1024K, 2 young (2048K), 2 survivors (2048K)
 Metaspace       used 51857K, capacity 55001K, committed 55120K, reserved 1097728K
  class space    used 5532K, capacity 7087K, committed 7168K, reserved 1048576K
}
Event: 10.631 GC heap before
{Heap before GC invocations=30 (full 0):
 garbage-first heap   total 162816K, used 129510K [0x00000000e0000000, 0x0000000100000000)
  region size 1024K, 43 young (44032K), 2 survivors (2048K)
 Metaspace       used 53801K, capacity 57045K, committed 57296K, reserved 1099776K
  class space    used 5703K, capacity 7277K, committed 7296K, reserved 1048576K
}
Event: 10.637 GC heap after
{Heap after GC invocations=31 (full 0):
 garbage-first heap   total 162816K, used 88845K [0x00000000e0000000, 0x0000000100000000)
  region size 1024K, 4 young (4096K), 4 survivors (4096K)
 Metaspace       used 53801K, capacity 57045K, committed 57296K, reserved 1099776K
  class space    used 5703K, capacity 7277K, committed 7296K, reserved 1048576K
}
Event: 10.858 GC heap before
{Heap before GC invocations=32 (full 0):
 garbage-first heap   total 162816K, used 129805K [0x00000000e0000000, 0x0000000100000000)
  region size 1024K, 45 young (46080K), 4 survivors (4096K)
 Metaspace       used 54947K, capacity 58133K, committed 58448K, reserved 1099776K
  class space    used 5775K, capacity 7341K, committed 7424K, reserved 1048576K
}
Event: 10.861 GC heap after
{Heap after GC invocations=33 (full 0):
 garbage-first heap   total 162816K, used 86218K [0x00000000e0000000, 0x0000000100000000)
  region size 1024K, 2 young (2048K), 2 survivors (2048K)
 Metaspace       used 54947K, capacity 58133K, committed 58448K, reserved 1099776K
  class space    used 5775K, capacity 7341K, committed 7424K, reserved 1048576K
}
Event: 11.161 GC heap before
{Heap before GC invocations=33 (full 0):
 garbage-first heap   total 162816K, used 129226K [0x00000000e0000000, 0x0000000100000000)
  region size 1024K, 45 young (46080K), 2 survivors (2048K)
 Metaspace       used 56403K, capacity 59780K, committed 59856K, reserved 1101824K
  class space    used 5906K, capacity 7491K, committed 7552K, reserved 1048576K
}
Event: 11.166 GC heap after
{Heap after GC invocations=34 (full 0):
 garbage-first heap   total 162816K, used 86928K [0x00000000e0000000, 0x0000000100000000)
  region size 1024K, 3 young (3072K), 3 survivors (3072K)
 Metaspace       used 56403K, capacity 59780K, committed 59856K, reserved 1101824K
  class space    used 5906K, capacity 7491K, committed 7552K, reserved 1048576K
}
Event: 11.361 GC heap before
{Heap before GC invocations=35 (full 0):
 garbage-first heap   total 162816K, used 150416K [0x00000000e0000000, 0x0000000100000000)
  region size 1024K, 12 young (12288K), 3 survivors (3072K)
 Metaspace       used 56608K, capacity 59950K, committed 60112K, reserved 1101824K
  class space    used 5924K, capacity 7498K, committed 7552K, reserved 1048576K
}
Event: 11.365 GC heap after
{Heap after GC invocations=36 (full 0):
 garbage-first heap   total 162816K, used 142364K [0x00000000e0000000, 0x0000000100000000)
  region size 1024K, 3 young (3072K), 3 survivors (3072K)
 Metaspace       used 56608K, capacity 59950K, committed 60112K, reserved 1101824K
  class space    used 5924K, capacity 7498K, committed 7552K, reserved 1048576K
}

