# JRE version: OpenJDK Runtime Environment (8.0_242-b01) (build 1.8.0_242-release-1644-b01)
# Java VM: OpenJDK 64-Bit Server VM (25.242-b01 mixed mode windows-amd64 compressed oops)
Heap:
 PSYoungGen      total 204800K, used 160750K [0x00000000d5580000, 0x00000000e2580000, 0x0000000100000000)
  eden space 196608K, 81% used [0x00000000d5580000,0x00000000df27b9c0,0x00000000e1580000)
  from space 8192K, 0% used [0x00000000e1d80000,0x00000000e1d80000,0x00000000e2580000)
  to   space 8192K, 0% used [0x00000000e1580000,0x00000000e1580000,0x00000000e1d80000)
 ParOldGen       total 66560K, used 8216K [0x0000000080000000, 0x0000000084100000, 0x00000000d5580000)
  object space 66560K, 12% used [0x0000000080000000,0x00000000808063a8,0x0000000084100000)
 Metaspace       used 33139K, capacity 34446K, committed 34688K, reserved 1079296K
  class space    used 4571K, capacity 4887K, committed 4992K, reserved 1048576K
GC Heap History (10 events):
Event: 3.167 GC heap before
{Heap before GC invocations=1 (full 0):
 PSYoungGen      total 57344K, used 49152K [0x00000000d5580000, 0x00000000d9580000, 0x0000000100000000)
  eden space 49152K, 100% used [0x00000000d5580000,0x00000000d8580000,0x00000000d8580000)
  from space 8192K, 0% used [0x00000000d8d80000,0x00000000d8d80000,0x00000000d9580000)
  to   space 8192K, 0% used [0x00000000d8580000,0x00000000d8580000,0x00000000d8d80000)
 ParOldGen       total 131072K, used 0K [0x0000000080000000, 0x0000000088000000, 0x00000000d5580000)
  object space 131072K, 0% used [0x0000000080000000,0x0000000080000000,0x0000000088000000)
 Metaspace       used 7581K, capacity 7848K, committed 8064K, reserved 1056768K
  class space    used 930K, capacity 1039K, committed 1152K, reserved 1048576K
Event: 3.540 GC heap after
Heap after GC invocations=1 (full 0):
 PSYoungGen      total 57344K, used 4978K [0x00000000d5580000, 0x00000000dc580000, 0x0000000100000000)
  eden space 49152K, 0% used [0x00000000d5580000,0x00000000d5580000,0x00000000d8580000)
  from space 8192K, 60% used [0x00000000d8580000,0x00000000d8a5c920,0x00000000d8d80000)
  to   space 8192K, 0% used [0x00000000dbd80000,0x00000000dbd80000,0x00000000dc580000)
 ParOldGen       total 131072K, used 8K [0x0000000080000000, 0x0000000088000000, 0x00000000d5580000)
  object space 131072K, 0% used [0x0000000080000000,0x0000000080002000,0x0000000088000000)
 Metaspace       used 7581K, capacity 7848K, committed 8064K, reserved 1056768K
  class space    used 930K, capacity 1039K, committed 1152K, reserved 1048576K
}
Event: 11.273 GC heap before
{Heap before GC invocations=2 (full 0):
 PSYoungGen      total 57344K, used 54130K [0x00000000d5580000, 0x00000000dc580000, 0x0000000100000000)
  eden space 49152K, 100% used [0x00000000d5580000,0x00000000d8580000,0x00000000d8580000)
  from space 8192K, 60% used [0x00000000d8580000,0x00000000d8a5c920,0x00000000d8d80000)
  to   space 8192K, 0% used [0x00000000dbd80000,0x00000000dbd80000,0x00000000dc580000)
 ParOldGen       total 131072K, used 8K [0x0000000080000000, 0x0000000088000000, 0x00000000d5580000)
  object space 131072K, 0% used [0x0000000080000000,0x0000000080002000,0x0000000088000000)
 Metaspace       used 11467K, capacity 11794K, committed 11904K, reserved 1058816K
  class space    used 1509K, capacity 1611K, committed 1664K, reserved 1048576K
Event: 11.320 GC heap after
Heap after GC invocations=2 (full 0):
 PSYoungGen      total 106496K, used 6369K [0x00000000d5580000, 0x00000000dc580000, 0x0000000100000000)
  eden space 98304K, 0% used [0x00000000d5580000,0x00000000d5580000,0x00000000db580000)
  from space 8192K, 77% used [0x00000000dbd80000,0x00000000dc3b8470,0x00000000dc580000)
  to   space 8192K, 0% used [0x00000000db580000,0x00000000db580000,0x00000000dbd80000)
 ParOldGen       total 131072K, used 24K [0x0000000080000000, 0x0000000088000000, 0x00000000d5580000)
  object space 131072K, 0% used [0x0000000080000000,0x0000000080006000,0x0000000088000000)
 Metaspace       used 11467K, capacity 11794K, committed 11904K, reserved 1058816K
  class space    used 1509K, capacity 1611K, committed 1664K, reserved 1048576K
}
Event: 18.705 GC heap before
{Heap before GC invocations=3 (full 0):
 PSYoungGen      total 106496K, used 104673K [0x00000000d5580000, 0x00000000dc580000, 0x0000000100000000)
  eden space 98304K, 100% used [0x00000000d5580000,0x00000000db580000,0x00000000db580000)
  from space 8192K, 77% used [0x00000000dbd80000,0x00000000dc3b8470,0x00000000dc580000)
  to   space 8192K, 0% used [0x00000000db580000,0x00000000db580000,0x00000000dbd80000)
 ParOldGen       total 131072K, used 24K [0x0000000080000000, 0x0000000088000000, 0x00000000d5580000)
  object space 131072K, 0% used [0x0000000080000000,0x0000000080006000,0x0000000088000000)
 Metaspace       used 19092K, capacity 19782K, committed 20096K, reserved 1067008K
  class space    used 2700K, capacity 2903K, committed 2944K, reserved 1048576K
Event: 18.897 GC heap after
Heap after GC invocations=3 (full 0):
 PSYoungGen      total 106496K, used 8186K [0x00000000d5580000, 0x00000000e2580000, 0x0000000100000000)
  eden space 98304K, 0% used [0x00000000d5580000,0x00000000d5580000,0x00000000db580000)
  from space 8192K, 99% used [0x00000000db580000,0x00000000dbd7e9e8,0x00000000dbd80000)
  to   space 8192K, 0% used [0x00000000e1d80000,0x00000000e1d80000,0x00000000e2580000)
 ParOldGen       total 131072K, used 5367K [0x0000000080000000, 0x0000000088000000, 0x00000000d5580000)
  object space 131072K, 4% used [0x0000000080000000,0x000000008053dc00,0x0000000088000000)
 Metaspace       used 19092K, capacity 19782K, committed 20096K, reserved 1067008K
  class space    used 2700K, capacity 2903K, committed 2944K, reserved 1048576K
}
Event: 20.813 GC heap before
{Heap before GC invocations=4 (full 0):
 PSYoungGen      total 106496K, used 28039K [0x00000000d5580000, 0x00000000e2580000, 0x0000000100000000)
  eden space 98304K, 20% used [0x00000000d5580000,0x00000000d68e3560,0x00000000db580000)
  from space 8192K, 99% used [0x00000000db580000,0x00000000dbd7e9e8,0x00000000dbd80000)
  to   space 8192K, 0% used [0x00000000e1d80000,0x00000000e1d80000,0x00000000e2580000)
 ParOldGen       total 131072K, used 5367K [0x0000000080000000, 0x0000000088000000, 0x00000000d5580000)
  object space 131072K, 4% used [0x0000000080000000,0x000000008053dc00,0x0000000088000000)
 Metaspace       used 20440K, capacity 21152K, committed 21296K, reserved 1067008K
  class space    used 2921K, capacity 3114K, committed 3200K, reserved 1048576K
Event: 20.965 GC heap after
Heap after GC invocations=4 (full 0):
 PSYoungGen      total 204800K, used 8176K [0x00000000d5580000, 0x00000000e2580000, 0x0000000100000000)
  eden space 196608K, 0% used [0x00000000d5580000,0x00000000d5580000,0x00000000e1580000)
  from space 8192K, 99% used [0x00000000e1d80000,0x00000000e257c118,0x00000000e2580000)
  to   space 8192K, 0% used [0x00000000e1580000,0x00000000e1580000,0x00000000e1d80000)
 ParOldGen       total 131072K, used 5606K [0x0000000080000000, 0x0000000088000000, 0x00000000d5580000)
  object space 131072K, 4% used [0x0000000080000000,0x0000000080579b80,0x0000000088000000)
 Metaspace       used 20440K, capacity 21152K, committed 21296K, reserved 1067008K
  class space    used 2921K, capacity 3114K, committed 3200K, reserved 1048576K
}
Event: 20.965 GC heap before
{Heap before GC invocations=5 (full 1):
 PSYoungGen      total 204800K, used 8176K [0x00000000d5580000, 0x00000000e2580000, 0x0000000100000000)
  eden space 196608K, 0% used [0x00000000d5580000,0x00000000d5580000,0x00000000e1580000)
  from space 8192K, 99% used [0x00000000e1d80000,0x00000000e257c118,0x00000000e2580000)
  to   space 8192K, 0% used [0x00000000e1580000,0x00000000e1580000,0x00000000e1d80000)
 ParOldGen       total 131072K, used 5606K [0x0000000080000000, 0x0000000088000000, 0x00000000d5580000)
  object space 131072K, 4% used [0x0000000080000000,0x0000000080579b80,0x0000000088000000)
 Metaspace       used 20440K, capacity 21152K, committed 21296K, reserved 1067008K
  class space    used 2921K, capacity 3114K, committed 3200K, reserved 1048576K
Event: 21.064 GC heap after
Heap after GC invocations=5 (full 1):
 PSYoungGen      total 204800K, used 0K [0x00000000d5580000, 0x00000000e2580000, 0x0000000100000000)
  eden space 196608K, 0% used [0x00000000d5580000,0x00000000d5580000,0x00000000e1580000)
  from space 8192K, 0% used [0x00000000e1d80000,0x00000000e1d80000,0x00000000e2580000)
  to   space 8192K, 0% used [0x00000000e1580000,0x00000000e1580000,0x00000000e1d80000)
 ParOldGen       total 66560K, used 8216K [0x0000000080000000, 0x0000000084100000, 0x00000000d5580000)
  object space 66560K, 12% used [0x0000000080000000,0x00000000808063a8,0x0000000084100000)
 Metaspace       used 20440K, capacity 21152K, committed 21296K, reserved 1067008K
  class space    used 2921K, capacity 3114K, committed 3200K, reserved 1048576K
}

