# JRE version: OpenJDK Runtime Environment (8.0_242-b01) (build 1.8.0_242-release-1644-b01)
# Java VM: OpenJDK 64-Bit Server VM (25.242-b01 mixed mode windows-amd64 compressed oops)
Heap:
 PSYoungGen      total 527872K, used 6255K [0x00000000d5580000, 0x00000000f6e00000, 0x0000000100000000)
  eden space 506368K, 1% used [0x00000000d5580000,0x00000000d5b9be50,0x00000000f4400000)
  from space 21504K, 0% used [0x00000000f4400000,0x00000000f4400000,0x00000000f5900000)
  to   space 15872K, 0% used [0x00000000f5e80000,0x00000000f5e80000,0x00000000f6e00000)
 ParOldGen       total 149504K, used 29864K [0x0000000080000000, 0x0000000089200000, 0x00000000d5580000)
  object space 149504K, 19% used [0x0000000080000000,0x0000000081d2a100,0x0000000089200000)
 Metaspace       used 56190K, capacity 58743K, committed 59160K, reserved 1101824K
  class space    used 7203K, capacity 7744K, committed 7808K, reserved 1048576K
GC Heap History (10 events):
Event: 142.072 GC heap before
{Heap before GC invocations=30 (full 2):
 PSYoungGen      total 452608K, used 449456K [0x00000000d5580000, 0x00000000f4d00000, 0x0000000100000000)
  eden space 433664K, 100% used [0x00000000d5580000,0x00000000efd00000,0x00000000efd00000)
  from space 18944K, 83% used [0x00000000efd00000,0x00000000f0c6c090,0x00000000f0f80000)
  to   space 20480K, 0% used [0x00000000f3900000,0x00000000f3900000,0x00000000f4d00000)
 ParOldGen       total 69120K, used 23858K [0x0000000080000000, 0x0000000084380000, 0x00000000d5580000)
  object space 69120K, 34% used [0x0000000080000000,0x000000008174caf8,0x0000000084380000)
 Metaspace       used 51385K, capacity 53832K, committed 54016K, reserved 1095680K
  class space    used 6620K, capacity 7077K, committed 7168K, reserved 1048576K
Event: 142.086 GC heap after
Heap after GC invocations=30 (full 2):
 PSYoungGen      total 493056K, used 18792K [0x00000000d5580000, 0x00000000f5180000, 0x0000000100000000)
  eden space 472576K, 0% used [0x00000000d5580000,0x00000000d5580000,0x00000000f2300000)
  from space 20480K, 91% used [0x00000000f3900000,0x00000000f4b5a3a0,0x00000000f4d00000)
  to   space 22528K, 0% used [0x00000000f2300000,0x00000000f2300000,0x00000000f3900000)
 ParOldGen       total 69120K, used 23858K [0x0000000080000000, 0x0000000084380000, 0x00000000d5580000)
  object space 69120K, 34% used [0x0000000080000000,0x000000008174caf8,0x0000000084380000)
 Metaspace       used 51385K, capacity 53832K, committed 54016K, reserved 1095680K
  class space    used 6620K, capacity 7077K, committed 7168K, reserved 1048576K
}
Event: 148.021 GC heap before
{Heap before GC invocations=31 (full 2):
 PSYoungGen      total 493056K, used 491368K [0x00000000d5580000, 0x00000000f5180000, 0x0000000100000000)
  eden space 472576K, 100% used [0x00000000d5580000,0x00000000f2300000,0x00000000f2300000)
  from space 20480K, 91% used [0x00000000f3900000,0x00000000f4b5a3a0,0x00000000f4d00000)
  to   space 22528K, 0% used [0x00000000f2300000,0x00000000f2300000,0x00000000f3900000)
 ParOldGen       total 69120K, used 23858K [0x0000000080000000, 0x0000000084380000, 0x00000000d5580000)
  object space 69120K, 34% used [0x0000000080000000,0x000000008174caf8,0x0000000084380000)
 Metaspace       used 51429K, capacity 53916K, committed 54016K, reserved 1095680K
  class space    used 6621K, capacity 7079K, committed 7168K, reserved 1048576K
Event: 148.032 GC heap after
Heap after GC invocations=31 (full 2):
 PSYoungGen      total 495104K, used 14370K [0x00000000d5580000, 0x00000000f7480000, 0x0000000100000000)
  eden space 472576K, 0% used [0x00000000d5580000,0x00000000d5580000,0x00000000f2300000)
  from space 22528K, 63% used [0x00000000f2300000,0x00000000f31089f0,0x00000000f3900000)
  to   space 22528K, 0% used [0x00000000f5e80000,0x00000000f5e80000,0x00000000f7480000)
 ParOldGen       total 69120K, used 23866K [0x0000000080000000, 0x0000000084380000, 0x00000000d5580000)
  object space 69120K, 34% used [0x0000000080000000,0x000000008174eaf8,0x0000000084380000)
 Metaspace       used 51429K, capacity 53916K, committed 54016K, reserved 1095680K
  class space    used 6621K, capacity 7079K, committed 7168K, reserved 1048576K
}
Event: 151.537 GC heap before
{Heap before GC invocations=32 (full 2):
 PSYoungGen      total 495104K, used 486946K [0x00000000d5580000, 0x00000000f7480000, 0x0000000100000000)
  eden space 472576K, 100% used [0x00000000d5580000,0x00000000f2300000,0x00000000f2300000)
  from space 22528K, 63% used [0x00000000f2300000,0x00000000f31089f0,0x00000000f3900000)
  to   space 22528K, 0% used [0x00000000f5e80000,0x00000000f5e80000,0x00000000f7480000)
 ParOldGen       total 69120K, used 23866K [0x0000000080000000, 0x0000000084380000, 0x00000000d5580000)
  object space 69120K, 34% used [0x0000000080000000,0x000000008174eaf8,0x0000000084380000)
 Metaspace       used 52462K, capacity 55280K, committed 55552K, reserved 1097728K
  class space    used 6767K, capacity 7335K, committed 7424K, reserved 1048576K
Event: 151.547 GC heap after
Heap after GC invocations=32 (full 2):
 PSYoungGen      total 522240K, used 11265K [0x00000000d5580000, 0x00000000f6e00000, 0x0000000100000000)
  eden space 506368K, 0% used [0x00000000d5580000,0x00000000d5580000,0x00000000f4400000)
  from space 15872K, 70% used [0x00000000f5e80000,0x00000000f69807a0,0x00000000f6e00000)
  to   space 21504K, 0% used [0x00000000f4400000,0x00000000f4400000,0x00000000f5900000)
 ParOldGen       total 69120K, used 23874K [0x0000000080000000, 0x0000000084380000, 0x00000000d5580000)
  object space 69120K, 34% used [0x0000000080000000,0x0000000081750af8,0x0000000084380000)
 Metaspace       used 52462K, capacity 55280K, committed 55552K, reserved 1097728K
  class space    used 6767K, capacity 7335K, committed 7424K, reserved 1048576K
}
Event: 152.030 GC heap before
{Heap before GC invocations=33 (full 2):
 PSYoungGen      total 522240K, used 52876K [0x00000000d5580000, 0x00000000f6e00000, 0x0000000100000000)
  eden space 506368K, 8% used [0x00000000d5580000,0x00000000d7e22a20,0x00000000f4400000)
  from space 15872K, 70% used [0x00000000f5e80000,0x00000000f69807a0,0x00000000f6e00000)
  to   space 21504K, 0% used [0x00000000f4400000,0x00000000f4400000,0x00000000f5900000)
 ParOldGen       total 69120K, used 23874K [0x0000000080000000, 0x0000000084380000, 0x00000000d5580000)
  object space 69120K, 34% used [0x0000000080000000,0x0000000081750af8,0x0000000084380000)
 Metaspace       used 56163K, capacity 59029K, committed 59160K, reserved 1101824K
  class space    used 7231K, capacity 7808K, committed 7808K, reserved 1048576K
Event: 152.041 GC heap after
Heap after GC invocations=33 (full 2):
 PSYoungGen      total 527872K, used 14138K [0x00000000d5580000, 0x00000000f6e00000, 0x0000000100000000)
  eden space 506368K, 0% used [0x00000000d5580000,0x00000000d5580000,0x00000000f4400000)
  from space 21504K, 65% used [0x00000000f4400000,0x00000000f51ce8b0,0x00000000f5900000)
  to   space 15872K, 0% used [0x00000000f5e80000,0x00000000f5e80000,0x00000000f6e00000)
 ParOldGen       total 69120K, used 23874K [0x0000000080000000, 0x0000000084380000, 0x00000000d5580000)
  object space 69120K, 34% used [0x0000000080000000,0x0000000081750af8,0x0000000084380000)
 Metaspace       used 56163K, capacity 59029K, committed 59160K, reserved 1101824K
  class space    used 7231K, capacity 7808K, committed 7808K, reserved 1048576K
}
Event: 152.041 GC heap before
{Heap before GC invocations=34 (full 3):
 PSYoungGen      total 527872K, used 14138K [0x00000000d5580000, 0x00000000f6e00000, 0x0000000100000000)
  eden space 506368K, 0% used [0x00000000d5580000,0x00000000d5580000,0x00000000f4400000)
  from space 21504K, 65% used [0x00000000f4400000,0x00000000f51ce8b0,0x00000000f5900000)
  to   space 15872K, 0% used [0x00000000f5e80000,0x00000000f5e80000,0x00000000f6e00000)
 ParOldGen       total 69120K, used 23874K [0x0000000080000000, 0x0000000084380000, 0x00000000d5580000)
  object space 69120K, 34% used [0x0000000080000000,0x0000000081750af8,0x0000000084380000)
 Metaspace       used 56163K, capacity 59029K, committed 59160K, reserved 1101824K
  class space    used 7231K, capacity 7808K, committed 7808K, reserved 1048576K
Event: 152.461 GC heap after
Heap after GC invocations=34 (full 3):
 PSYoungGen      total 527872K, used 0K [0x00000000d5580000, 0x00000000f6e00000, 0x0000000100000000)
  eden space 506368K, 0% used [0x00000000d5580000,0x00000000d5580000,0x00000000f4400000)
  from space 21504K, 0% used [0x00000000f4400000,0x00000000f4400000,0x00000000f5900000)
  to   space 15872K, 0% used [0x00000000f5e80000,0x00000000f5e80000,0x00000000f6e00000)
 ParOldGen       total 149504K, used 29864K [0x0000000080000000, 0x0000000089200000, 0x00000000d5580000)
  object space 149504K, 19% used [0x0000000080000000,0x0000000081d2a100,0x0000000089200000)
 Metaspace       used 55923K, capacity 58507K, committed 59160K, reserved 1101824K
  class space    used 7168K, capacity 7707K, committed 7808K, reserved 1048576K
}

